import time: self [us] | cumulative | imported package
import time:        73 |         73 | winreg
import time:       164 |        164 |   _io
import time:        57 |         57 |   marshal
import time:       144 |        144 |   nt
import time:       267 |        631 | _frozen_importlib_external
import time:       403 |        403 |   time
import time:        76 |        479 | zipimport
import time:        32 |         32 |     _codecs
import time:       202 |        233 |   codecs
import time:       428 |        428 |   encodings.aliases
import time:       726 |       1386 | encodings
import time:       207 |        207 | encodings.utf_8
import time:        31 |         31 |   _codecs_cn
import time:        28 |         28 |   _multibytecodec
import time:       307 |        365 | encodings.gbk
import time:        30 |         30 | _signal
import time:        18 |         18 |     _abc
import time:        67 |         85 |   abc
import time:        81 |        165 | io
import time:        30 |         30 |       _stat
import time:        33 |         63 |     stat
import time:       401 |        401 |     _collections_abc
import time:        31 |         31 |       genericpath
import time:        50 |         50 |       _winapi
import time:        40 |        120 |     ntpath
import time:       133 |        716 |   os
import time:        37 |         37 |   _sitebuiltins
import time:       219 |        219 |   encodings.utf_8_sig
import time:       453 |        453 |   _virtualenv
import time:        80 |         80 |   sitecustomize
import time:       764 |       2266 | site
import time:        81 |         81 |         itertools
import time:       190 |        190 |         keyword
import time:        43 |         43 |           _operator
import time:       293 |        335 |         operator
import time:       199 |        199 |         reprlib
import time:        41 |         41 |         _collections
import time:       554 |       1397 |       collections
import time:       224 |        224 |       collections.abc
import time:       183 |        183 |       copyreg
import time:       348 |        348 |           types
import time:        69 |         69 |           _functools
import time:       520 |        937 |         functools
import time:       427 |       1363 |       contextlib
import time:       979 |        979 |         enum
import time:        47 |         47 |           _sre
import time:       281 |        281 |             re._constants
import time:       318 |        599 |           re._parser
import time:       159 |        159 |           re._casefix
import time:       375 |       1179 |         re._compiler
import time:       516 |       2673 |       re
import time:       311 |        311 |       warnings
import time:        27 |         27 |       _typing
import time:      1524 |       7698 |     typing
import time:       182 |        182 |             concurrent
import time:       177 |        177 |                       token
import time:        24 |         24 |                       _tokenize
import time:       612 |        811 |                     tokenize
import time:       165 |        976 |                   linecache
import time:       633 |        633 |                   textwrap
import time:       394 |       2002 |                 traceback
import time:       204 |        204 |                   _weakrefset
import time:       331 |        535 |                 weakref
import time:        23 |         23 |                   _string
import time:       390 |        413 |                 string
import time:       510 |        510 |                 threading
import time:        31 |         31 |                 atexit
import time:      1105 |       4593 |               logging
import time:       437 |       5029 |             concurrent.futures._base
import time:       224 |       5435 |           concurrent.futures
import time:        42 |         42 |           errno
import time:        35 |         35 |             _heapq
import time:       233 |        267 |           heapq
import time:      1948 |       1948 |             _socket
import time:        46 |         46 |               math
import time:       414 |        414 |               select
import time:       462 |        921 |             selectors
import time:       687 |       3555 |           socket
import time:        36 |         36 |               _locale
import time:       624 |        660 |             locale
import time:       312 |        312 |             signal
import time:        89 |         89 |             fcntl
import time:        28 |         28 |             msvcrt
import time:       582 |       1669 |           subprocess
import time:      2689 |       2689 |             _ssl
import time:        82 |         82 |                 _struct
import time:       180 |        262 |               struct
import time:        38 |         38 |               binascii
import time:       340 |        639 |             base64
import time:      1304 |       4631 |           ssl
import time:       236 |        236 |           asyncio.constants
import time:       480 |        480 |                 _ast
import time:       743 |       1223 |               ast
import time:        24 |         24 |                   _opcode
import time:       343 |        367 |                 opcode
import time:       601 |        967 |               dis
import time:       222 |        222 |                 importlib
import time:        39 |        261 |               importlib.machinery
import time:      1261 |       3711 |             inspect
import time:       170 |       3881 |           asyncio.coroutines
import time:        25 |         25 |               _contextvars
import time:       188 |        213 |             contextvars
import time:       163 |        163 |             asyncio.format_helpers
import time:       178 |        178 |               asyncio.base_futures
import time:       187 |        187 |               asyncio.exceptions
import time:       147 |        147 |               asyncio.base_tasks
import time:       454 |        965 |             _asyncio
import time:       370 |       1710 |           asyncio.events
import time:       594 |        594 |           asyncio.futures
import time:       253 |        253 |           asyncio.protocols
import time:       229 |        229 |             asyncio.transports
import time:       142 |        142 |             asyncio.log
import time:       428 |        798 |           asyncio.sslproto
import time:       142 |        142 |               asyncio.mixins
import time:       372 |        513 |             asyncio.locks
import time:       305 |        305 |               asyncio.timeouts
import time:       314 |        619 |             asyncio.tasks
import time:       186 |       1318 |           asyncio.staggered
import time:       177 |        177 |           asyncio.trsock
import time:       691 |      25249 |         asyncio.base_events
import time:       258 |        258 |         asyncio.runners
import time:       264 |        264 |         asyncio.queues
import time:       284 |        284 |         asyncio.streams
import time:       204 |        204 |         asyncio.subprocess
import time:       172 |        172 |         asyncio.taskgroups
import time:       135 |        135 |         asyncio.threads
import time:       824 |        824 |           _overlapped
import time:       310 |        310 |           asyncio.base_subprocess
import time:       477 |        477 |           asyncio.proactor_events
import time:       475 |        475 |           asyncio.selector_events
import time:        95 |         95 |                     posix
import time:        52 |        147 |                   posixpath
import time:       203 |        349 |                 fnmatch
import time:        52 |         52 |                 zlib
import time:       249 |        249 |                   _compression
import time:       417 |        417 |                   _bz2
import time:       228 |        893 |                 bz2
import time:       354 |        354 |                   _lzma
import time:       270 |        624 |                 lzma
import time:       536 |       2452 |               shutil
import time:        26 |         26 |                   _bisect
import time:       166 |        192 |                 bisect
import time:        21 |         21 |                 _random
import time:        22 |         22 |                 _sha2
import time:       371 |        604 |               random
import time:       397 |       3452 |             tempfile
import time:       210 |       3662 |           asyncio.windows_utils
import time:       437 |       6183 |         asyncio.windows_events
import time:       718 |      33464 |       asyncio
import time:       196 |        196 |           urllib
import time:       820 |        820 |           ipaddress
import time:       727 |       1742 |         urllib.parse
import time:       596 |       2337 |       pathlib
import time:       196 |        196 |         flet.controls
import time:       272 |        467 |       flet.controls.context
import time:       367 |        367 |             _queue
import time:       232 |        599 |           queue
import time:       218 |        816 |         concurrent.futures.thread
import time:       259 |        259 |           copy
import time:       454 |        713 |         dataclasses
import time:       192 |        192 |             flet.auth.authorization
import time:       128 |        128 |             flet.auth.group
import time:       125 |        125 |               flet.auth.user
import time:       190 |        315 |             flet.auth.oauth_provider
import time:        33 |         33 |                     _json
import time:       263 |        296 |                   json.scanner
import time:       351 |        647 |                 json.decoder
import time:       332 |        332 |                 json.encoder
import time:       199 |       1177 |               json
import time:       160 |        160 |               flet.controls.embed_json_encoder
import time:       159 |       1494 |             flet.auth.oauth_token
import time:       172 |       2300 |           flet.auth
import time:        19 |       2319 |         flet.auth.authorization
import time:       142 |        142 |           flet.components
import time:       175 |        175 |           __future__
import time:       136 |        136 |             flet.components.hooks
import time:       552 |        552 |             flet.components.component_owned
import time:       391 |       1078 |           flet.components.hooks.hook
import time:       154 |        154 |             flet.components.utils
import time:       580 |        733 |           flet.components.hooks.use_effect
import time:       818 |        818 |           flet.components.observable
import time:       152 |        152 |                       flet.controls.exceptions
import time:      1480 |       1480 |                         _wmi
import time:       439 |       1919 |                       platform
import time:       148 |       2218 |                     flet.utils.platform_utils
import time:       190 |       2407 |                   flet.utils.browser
import time:       218 |        218 |                   flet.utils.classproperty
import time:       143 |        143 |                   flet.utils.deprecated
import time:       163 |        163 |                   flet.utils.deprecated_enum
import time:       139 |        139 |                   flet.utils.files
import time:       122 |        122 |                     flet.utils.typing_utils
import time:       200 |        322 |                   flet.utils.from_dict
import time:      1414 |       1414 |                       _hashlib
import time:        39 |         39 |                       _blake2
import time:       238 |       1690 |                     hashlib
import time:       120 |       1810 |                   flet.utils.hashing
import time:       169 |        169 |                   flet.utils.json_utils
import time:       131 |        131 |                   flet.utils.network
import time:       137 |        137 |                   flet.utils.object_model
import time:       125 |        125 |                   flet.utils.once
import time:       375 |        375 |                     unicodedata
import time:       127 |        502 |                   flet.utils.slugify
import time:       224 |        224 |                       hmac
import time:       169 |        392 |                     secrets
import time:       152 |        543 |                   flet.utils.strings
import time:       155 |        155 |                   flet.utils.vector
import time:       215 |       7173 |                 flet.utils
import time:        20 |       7192 |               flet.utils.typing_utils
import time:       668 |       7859 |             flet.controls.control_event
import time:       153 |        153 |               flet.utils.locks
import time:       216 |        369 |             flet.controls.id_counter
import time:       784 |        784 |             flet.controls.keys
import time:       203 |        203 |             flet.controls.ref
import time:       708 |       9922 |           flet.controls.base_control
import time:      1202 |      14067 |         flet.components.component
import time:       185 |        185 |         flet.components.public_utils
import time:       133 |        133 |                 flet.controls.material
import time:      1671 |       1671 |                     flet.controls.colors
import time:       178 |        178 |                       flet.controls.cupertino
import time:       496 |        673 |                     flet.controls.cupertino.cupertino_colors
import time:       255 |        255 |                     flet.controls.icon_data
import time:      2645 |       5242 |                   flet.controls.types
import time:       435 |       5677 |                 flet.controls.alignment
import time:       440 |        440 |                 flet.controls.padding
import time:       888 |        888 |                     flet.controls.border
import time:       492 |        492 |                     flet.controls.border_radius
import time:      1204 |       1204 |                     flet.controls.gradients
import time:       741 |        741 |                     flet.controls.transform
import time:      1687 |       5011 |                   flet.controls.box
import time:       468 |        468 |                     flet.controls.blur
import time:      1435 |       1902 |                   flet.controls.painting
import time:      1097 |       8009 |                 flet.controls.text_style
import time:       612 |      14869 |               flet.controls.material.badge
import time:        65 |         65 |                     _datetime
import time:       169 |        234 |                   datetime
import time:       427 |        661 |                 flet.controls.duration
import time:       383 |        383 |                 flet.controls.margin
import time:       743 |       1786 |               flet.controls.material.tooltip
import time:       468 |      17121 |             flet.controls.control
import time:       425 |      17546 |           flet.controls.adaptive_control
import time:       907 |        907 |           flet.controls.animation
import time:       191 |        191 |             flet.controls.core
import time:       708 |        708 |             flet.controls.cupertino.cupertino_app_bar
import time:      1137 |       1137 |               flet.controls.layout_control
import time:       245 |        245 |                   flet.controls.control_state
import time:      1778 |       2023 |                 flet.controls.buttons
import time:      1678 |       3700 |               flet.controls.material.navigation_bar
import time:       974 |       5811 |             flet.controls.cupertino.cupertino_navigation_bar
import time:       881 |        881 |             flet.controls.material.app_bar
import time:       885 |        885 |             flet.controls.material.bottom_app_bar
import time:      1145 |       1145 |             flet.controls.material.floating_action_button
import time:      1139 |       1139 |             flet.controls.material.navigation_drawer
import time:      1222 |       1222 |             flet.controls.scrollable_control
import time:       192 |        192 |               flet.controls.services
import time:       536 |        727 |             flet.controls.services.service
import time:      1469 |      14176 |           flet.controls.core.view
import time:       619 |        619 |           flet.controls.dialog_control
import time:      2736 |      35982 |         flet.controls.base_page
import time:      1448 |       1448 |         flet.controls.core.window
import time:      3288 |       3288 |         flet.controls.device_info
import time:       829 |        829 |         flet.controls.multi_view
import time:       222 |        222 |         flet.controls.query_string
import time:       364 |        364 |         flet.controls.services.browser_context_menu
import time:       353 |        353 |         flet.controls.services.clipboard
import time:       362 |        362 |         flet.controls.services.shared_preferences
import time:       387 |        387 |         flet.controls.services.storage_paths
import time:       777 |        777 |         flet.controls.services.url_launcher
import time:       194 |        194 |             httpx.__version__
import time:       188 |        188 |                     email
import time:       443 |        443 |                       http
import time:       371 |        371 |                           email.errors
import time:       197 |        197 |                               email.quoprimime
import time:       134 |        134 |                               email.base64mime
import time:       192 |        192 |                                   quopri
import time:       186 |        377 |                                 email.encoders
import time:       178 |        555 |                               email.charset
import time:       458 |       1343 |                             email.header
import time:       530 |        530 |                                 calendar
import time:       250 |        780 |                               email._parseaddr
import time:       361 |       1141 |                             email.utils
import time:       243 |       2726 |                           email._policybase
import time:       357 |       3454 |                         email.feedparser
import time:       296 |       3749 |                       email.parser
import time:       244 |        244 |                         email._encoded_words
import time:       159 |        159 |                         email.iterators
import time:       449 |        851 |                       email.message
import time:       643 |       5684 |                     http.client
import time:       175 |        175 |                       urllib.response
import time:       200 |        374 |                     urllib.error
import time:       178 |        178 |                     nturl2path
import time:       817 |       7240 |                   urllib.request
import time:       341 |        341 |                   httpx._exceptions
import time:      1346 |       1346 |                     http.cookiejar
import time:       255 |        255 |                         mimetypes
import time:       596 |        596 |                         httpx._types
import time:       199 |        199 |                         httpx._utils
import time:       341 |       1390 |                       httpx._multipart
import time:       235 |       1625 |                     httpx._content
import time:        93 |         93 |                       brotli
import time:        74 |         74 |                       brotlicffi
import time:        71 |         71 |                       zstandard
import time:       254 |        490 |                     httpx._decoders
import time:       460 |        460 |                     httpx._status_codes
import time:       445 |        445 |                           idna.idnadata
import time:       170 |        170 |                           idna.intranges
import time:       459 |       1074 |                         idna.core
import time:       137 |        137 |                         idna.package_data
import time:       265 |       1474 |                       idna
import time:       751 |        751 |                       httpx._urlparse
import time:       280 |       2504 |                     httpx._urls
import time:       432 |       6855 |                   httpx._models
import time:       392 |      14828 |                 httpx._auth
import time:       232 |        232 |                 httpx._config
import time:       191 |        191 |                       httpx._transports.base
import time:       292 |        483 |                     httpx._transports.asgi
import time:       302 |        302 |                     httpx._transports.default
import time:       206 |        206 |                     httpx._transports.mock
import time:       181 |        181 |                     httpx._transports.wsgi
import time:       193 |       1364 |                   httpx._transports
import time:        20 |       1383 |                 httpx._transports.base
import time:       513 |      16954 |               httpx._client
import time:       158 |      17111 |             httpx._api
import time:       520 |        520 |                   gettext
import time:       922 |        922 |                           _ctypes
import time:       356 |        356 |                           ctypes._endian
import time:       615 |       1892 |                         ctypes
import time:       377 |        377 |                         ctypes.wintypes
import time:       882 |       3150 |                       click._winconsole
import time:       307 |       3457 |                     click._compat
import time:       153 |        153 |                       click.globals
import time:       288 |        288 |                       click.utils
import time:       321 |        761 |                     click.exceptions
import time:       502 |       4719 |                   click.types
import time:       240 |        240 |                   click._utils
import time:       283 |        283 |                     click.parser
import time:       205 |        487 |                   click.formatting
import time:       222 |        222 |                   click.termui
import time:       831 |       7016 |                 click.core
import time:       248 |        248 |                 click.decorators
import time:       608 |       7872 |               click
import time:       225 |        225 |                 pygments
import time:       887 |        887 |                 pygments.lexers._mapping
import time:       262 |        262 |                 pygments.modeline
import time:        51 |         51 |                       _csv
import time:       281 |        332 |                     csv
import time:       160 |        160 |                         importlib._abc
import time:        81 |        240 |                       importlib.util
import time:       195 |        195 |                         zipfile._path.glob
import time:       348 |        543 |                       zipfile._path
import time:       605 |       1387 |                     zipfile
import time:       129 |        129 |                         importlib.metadata._functools
import time:       164 |        293 |                       importlib.metadata._text
import time:       290 |        582 |                     importlib.metadata._adapters
import time:       307 |        307 |                     importlib.metadata._meta
import time:       258 |        258 |                     importlib.metadata._collections
import time:       158 |        158 |                     importlib.metadata._itertools
import time:       273 |        273 |                           importlib.resources.abc
import time:       234 |        234 |                           importlib.resources._adapters
import time:       365 |        871 |                         importlib.resources._common
import time:       179 |        179 |                         importlib.resources._legacy
import time:       167 |       1216 |                       importlib.resources
import time:       297 |       1512 |                     importlib.abc
import time:       746 |       5279 |                   importlib.metadata
import time:       142 |       5420 |                 pygments.plugin
import time:       470 |        470 |                 pygments.util
import time:       294 |       7557 |               pygments.lexers
import time:       235 |        235 |                   rich._extension
import time:       369 |        604 |                 rich
import time:        89 |         89 |                   termios
import time:       217 |        306 |                 getpass
import time:       708 |        708 |                   html.entities
import time:       292 |        999 |                 html
import time:       272 |        272 |                 rich._null_file
import time:       187 |        187 |                 rich.errors
import time:       629 |        629 |                         _compat_pickle
import time:        75 |         75 |                         _pickle
import time:       544 |       1248 |                       pickle
import time:       179 |        179 |                         colorsys
import time:       249 |        249 |                             rich.color_triplet
import time:       205 |        453 |                           rich.palette
import time:       144 |        597 |                         rich._palettes
import time:       264 |        264 |                         rich.repr
import time:       181 |        181 |                         rich.terminal_theme
import time:       683 |       1902 |                       rich.color
import time:       448 |       3596 |                     rich.style
import time:       393 |       3989 |                   rich.default_styles
import time:       865 |        865 |                     configparser
import time:       291 |       1156 |                   rich.theme
import time:       146 |       5290 |                 rich.themes
import time:      1438 |       1438 |                   rich._emoji_codes
import time:       277 |       1715 |                 rich._emoji_replace
import time:       159 |        159 |                 rich._export_format
import time:       126 |        126 |                 rich._fileno
import time:       166 |        166 |                     rich._loop
import time:       123 |        123 |                     rich._pick
import time:       180 |        180 |                           rich._unicode_data._versions
import time:       173 |        352 |                         rich._unicode_data
import time:       401 |        753 |                       rich.cells
import time:       167 |        919 |                     rich._wrap
import time:       675 |        675 |                           rich.segment
import time:       174 |        848 |                         rich.jupyter
import time:       145 |        145 |                           rich.protocol
import time:       296 |        440 |                         rich.measure
import time:       156 |       1443 |                       rich.constrain
import time:       253 |       1696 |                     rich.align
import time:       303 |        303 |                     rich.containers
import time:       293 |        293 |                     rich.control
import time:       225 |        225 |                     rich.emoji
import time:       646 |       4366 |                   rich.text
import time:       185 |       4550 |                 rich._log_render
import time:       269 |        269 |                 rich.highlighter
import time:       444 |        444 |                 rich.markup
import time:       176 |        176 |                 rich.pager
import time:        59 |         59 |                   array
import time:        99 |         99 |                   attr
import time:       148 |        148 |                   rich.abc
import time:      1135 |       1440 |                 rich.pretty
import time:       244 |        244 |                 rich.region
import time:       243 |        243 |                     rich.box
import time:       203 |        203 |                     rich.padding
import time:       237 |        682 |                   rich.panel
import time:       363 |        363 |                             numbers
import time:       736 |       1098 |                           _decimal
import time:       181 |       1279 |                         decimal
import time:       736 |       2015 |                       fractions
import time:       225 |       2240 |                     rich._ratio
import time:      1133 |       3373 |                   rich.table
import time:       178 |       4232 |                 rich.scope
import time:       216 |        216 |                 rich.screen
import time:       168 |        168 |                 rich.styled
import time:      1766 |      23154 |               rich.console
import time:       112 |        112 |                 mmap
import time:       180 |        180 |                 rich.filesize
import time:       385 |        385 |                     rich.ansi
import time:       164 |        549 |                   rich.file_proxy
import time:       187 |        187 |                   rich.live_render
import time:       230 |        965 |                 rich.live
import time:       206 |        206 |                 rich.progress_bar
import time:       183 |        183 |                   rich._spinners
import time:       192 |        374 |                 rich.spinner
import time:      1119 |       2955 |               rich.progress
import time:       157 |        157 |                   pygments.filter
import time:       705 |        705 |                     pygments.token
import time:       350 |       1054 |                   pygments.filters
import time:       215 |        215 |                   pygments.regexopt
import time:       401 |       1826 |                 pygments.lexer
import time:       242 |        242 |                 pygments.style
import time:       235 |        235 |                   pygments.styles._mapping
import time:       201 |        436 |                 pygments.styles
import time:       587 |       3090 |               rich.syntax
import time:       407 |      45032 |             httpx._main
import time:       295 |      62631 |           httpx
import time:       256 |        256 |             oauthlib
import time:       336 |        336 |                       oauthlib.common
import time:       145 |        145 |                       oauthlib.oauth2.rfc6749.utils
import time:       405 |        405 |                         oauthlib.oauth2.rfc6749.errors
import time:       163 |        568 |                       oauthlib.oauth2.rfc6749.endpoints.base
import time:       226 |       1273 |                     oauthlib.oauth2.rfc6749.endpoints.authorization
import time:       183 |        183 |                     oauthlib.oauth2.rfc6749.endpoints.introspect
import time:       151 |        151 |                             oauthlib.uri_validate
import time:       174 |        174 |                             oauthlib.oauth2.rfc6749.request_validator
import time:       192 |        516 |                           oauthlib.oauth2.rfc6749.grant_types.base
import time:       248 |        763 |                         oauthlib.oauth2.rfc6749.grant_types.authorization_code
import time:       159 |        159 |                         oauthlib.oauth2.rfc6749.grant_types.client_credentials
import time:       151 |        151 |                         oauthlib.oauth2.rfc6749.grant_types.implicit
import time:       159 |        159 |                         oauthlib.oauth2.rfc6749.grant_types.refresh_token
import time:       155 |        155 |                         oauthlib.oauth2.rfc6749.grant_types.resource_owner_password_credentials
import time:       159 |       1544 |                       oauthlib.oauth2.rfc6749.grant_types
import time:       144 |        144 |                       oauthlib.oauth2.rfc6749.endpoints.revocation
import time:       166 |        166 |                       oauthlib.oauth2.rfc6749.endpoints.token
import time:       265 |       2118 |                     oauthlib.oauth2.rfc6749.endpoints.metadata
import time:       201 |        201 |                       oauthlib.oauth2.rfc6749.tokens
import time:       149 |        149 |                       oauthlib.oauth2.rfc6749.endpoints.resource
import time:       382 |        382 |                           oauthlib.oauth2.rfc8628.errors
import time:       149 |        531 |                         oauthlib.oauth2.rfc8628
import time:       223 |        223 |                         oauthlib.oauth2.rfc8628.grant_types.device_code
import time:       186 |        939 |                       oauthlib.oauth2.rfc8628.grant_types
import time:       221 |       1509 |                     oauthlib.oauth2.rfc6749.endpoints.pre_configured
import time:       208 |       5289 |                   oauthlib.oauth2.rfc6749.endpoints
import time:        12 |       5301 |                 oauthlib.oauth2.rfc6749.endpoints.base
import time:       212 |       5512 |               oauthlib.oauth2.rfc6749
import time:        90 |         90 |                     blinker
import time:       146 |        236 |                   oauthlib.signals
import time:       172 |        407 |                 oauthlib.oauth2.rfc6749.parameters
import time:       200 |        200 |                 oauthlib.oauth2.rfc6749.clients.base
import time:       201 |        807 |               oauthlib.oauth2.rfc6749.clients.backend_application
import time:       135 |        135 |               oauthlib.oauth2.rfc6749.clients.legacy_application
import time:       128 |        128 |               oauthlib.oauth2.rfc6749.clients.mobile_application
import time:       136 |        136 |               oauthlib.oauth2.rfc6749.clients.service_application
import time:       134 |        134 |               oauthlib.oauth2.rfc6749.clients.web_application
import time:       178 |       7028 |             oauthlib.oauth2.rfc6749.clients
import time:       198 |        198 |               oauthlib.oauth2.rfc8628.clients.device
import time:       135 |        333 |             oauthlib.oauth2.rfc8628.clients
import time:       277 |        277 |               oauthlib.oauth2.rfc8628.endpoints.device_authorization
import time:       177 |        177 |                             oauthlib.openid.connect
import time:       180 |        357 |                           oauthlib.openid.connect.core
import time:       160 |        160 |                                 oauthlib.openid.connect.core.grant_types.base
import time:       192 |        352 |                               oauthlib.openid.connect.core.grant_types.authorization_code
import time:       174 |        174 |                               oauthlib.openid.connect.core.grant_types.dispatchers
import time:       136 |        136 |                                 oauthlib.openid.connect.core.request_validator
import time:       138 |        274 |                               oauthlib.openid.connect.core.grant_types.hybrid
import time:       137 |        137 |                               oauthlib.openid.connect.core.grant_types.implicit
import time:       120 |        120 |                               oauthlib.openid.connect.core.grant_types.refresh_token
import time:       143 |       1198 |                             oauthlib.openid.connect.core.grant_types
import time:       126 |        126 |                             oauthlib.openid.connect.core.tokens
import time:       136 |        136 |                             oauthlib.openid.connect.core.endpoints.userinfo
import time:       200 |       1658 |                           oauthlib.openid.connect.core.endpoints.pre_configured
import time:       175 |       2189 |                         oauthlib.openid.connect.core.endpoints
import time:       125 |       2314 |                       oauthlib.openid
import time:        10 |       2323 |                     oauthlib.openid.connect
import time:         9 |       2331 |                   oauthlib.openid.connect.core
import time:        15 |       2346 |                 oauthlib.openid.connect.core.request_validator
import time:       145 |       2491 |               oauthlib.oauth2.rfc8628.endpoints.pre_configured
import time:       139 |       2906 |             oauthlib.oauth2.rfc8628.endpoints
import time:       258 |      10778 |           oauthlib.oauth2
import time:       156 |        156 |           flet.version
import time:       250 |      73814 |         flet.auth.authorization_service
import time:      4524 |     140443 |       flet.controls.page
import time:       109 |        109 |         flet.messaging
import time:       499 |        499 |         flet.controls.object_patch
import time:       335 |        335 |               msgpack.exceptions
import time:       361 |        361 |               msgpack.ext
import time:       557 |        557 |               msgpack._cmsgpack
import time:       244 |       1497 |             msgpack
import time:      2118 |       3615 |           flet.messaging.protocol
import time:       210 |        210 |                 flet.pubsub.pubsub_hub
import time:       219 |        428 |               flet.pubsub.pubsub_client
import time:       201 |        629 |             flet.pubsub
import time:        31 |        659 |           flet.pubsub.pubsub_hub
import time:       188 |       4461 |         flet.messaging.connection
import time:       150 |        150 |         flet.messaging.session_store
import time:       351 |       5569 |       flet.messaging.session
import time:       157 |        157 |       flet.utils.pip
import time:       485 |     182919 |     flet.app
import time:       167 |        167 |     flet.components.component_decorator
import time:       496 |        496 |       flet.components.hooks.use_memo
import time:       143 |        639 |     flet.components.hooks.use_callback
import time:       420 |        420 |     flet.components.hooks.use_context
import time:       420 |        420 |     flet.components.hooks.use_ref
import time:       419 |        419 |     flet.components.hooks.use_state
import time:       154 |        154 |     flet.components.memo
import time:      1057 |       1057 |     flet.controls.core.animated_switcher
import time:       820 |        820 |     flet.controls.core.autofill_group
import time:      1000 |       1000 |     flet.controls.core.column
import time:      1573 |       1573 |       flet.controls.material.snack_bar
import time:      1623 |       3196 |     flet.controls.core.dismissible
import time:       668 |        668 |       flet.controls.core.draggable
import time:      1638 |       2305 |     flet.controls.core.drag_target
import time:       995 |        995 |     flet.controls.core.flet_app
import time:      4925 |       4925 |       flet.controls.events
import time:      3006 |       7930 |     flet.controls.core.gesture_detector
import time:      1127 |       1127 |     flet.controls.core.grid_view
import time:       934 |        934 |     flet.controls.core.icon
import time:      1627 |       1627 |     flet.controls.core.image
import time:      1256 |       1256 |     flet.controls.core.interactive_viewer
import time:      1248 |       1248 |     flet.controls.core.keyboard_listener
import time:      1177 |       1177 |     flet.controls.core.list_view
import time:       682 |        682 |         flet.controls.core.text_span
import time:      1819 |       2501 |       flet.controls.core.text
import time:      3487 |       5987 |     flet.controls.core.markdown
import time:       546 |        546 |     flet.controls.core.merge_semantics
import time:      1024 |       1024 |     flet.controls.core.pagelet
import time:       828 |        828 |     flet.controls.core.placeholder
import time:       829 |        829 |     flet.controls.core.reorderable_drag_handle
import time:      1049 |       1049 |     flet.controls.core.responsive_row
import time:       972 |        972 |     flet.controls.core.row
import time:       882 |        882 |     flet.controls.core.safe_area
import time:       501 |        501 |     flet.controls.core.screenshot
import time:      1322 |       1322 |     flet.controls.core.semantics
import time:       806 |        806 |     flet.controls.core.shader_mask
import time:       933 |        933 |     flet.controls.core.shimmer
import time:       895 |        895 |     flet.controls.core.stack
import time:       753 |        753 |     flet.controls.core.transparent_pointer
import time:       977 |        977 |     flet.controls.core.window_drag_area
import time:       986 |        986 |     flet.controls.cupertino.cupertino_action_sheet
import time:      1008 |       1008 |     flet.controls.cupertino.cupertino_action_sheet_action
import time:       824 |        824 |     flet.controls.cupertino.cupertino_activity_indicator
import time:       639 |        639 |     flet.controls.cupertino.cupertino_alert_dialog
import time:       584 |        584 |     flet.controls.cupertino.cupertino_bottom_sheet
import time:       523 |        523 |       flet.controls.geometry
import time:      1342 |       1865 |     flet.controls.cupertino.cupertino_button
import time:      1221 |       1221 |     flet.controls.cupertino.cupertino_checkbox
import time:       635 |        635 |     flet.controls.cupertino.cupertino_context_menu
import time:       705 |        705 |     flet.controls.cupertino.cupertino_context_menu_action
import time:      1209 |       1209 |     flet.controls.cupertino.cupertino_date_picker
import time:       643 |        643 |     flet.controls.cupertino.cupertino_dialog_action
import time:      1095 |       1095 |     flet.controls.cupertino.cupertino_filled_button
import time:      1318 |       1318 |     flet.controls.cupertino.cupertino_list_tile
import time:      1208 |       1208 |     flet.controls.cupertino.cupertino_picker
import time:      1027 |       1027 |     flet.controls.cupertino.cupertino_radio
import time:       973 |        973 |     flet.controls.cupertino.cupertino_segmented_button
import time:      1224 |       1224 |     flet.controls.cupertino.cupertino_slider
import time:      1128 |       1128 |     flet.controls.cupertino.cupertino_sliding_segmented_button
import time:      1279 |       1279 |     flet.controls.cupertino.cupertino_switch
import time:      1931 |       1931 |         flet.controls.material.form_field_control
import time:      3005 |       4935 |       flet.controls.material.textfield
import time:      2681 |       7615 |     flet.controls.cupertino.cupertino_textfield
import time:      1201 |       1201 |     flet.controls.cupertino.cupertino_timer_picker
import time:      1015 |       1015 |     flet.controls.cupertino.cupertino_tinted_button
import time:      1081 |       1081 |       flet.controls.material.menu_bar
import time:      2023 |       3104 |     flet.controls.material.dropdown
import time:      2466 |       2466 |     flet.controls.material.dropdownm2
import time:      1018 |       1018 |     flet.controls.material.alert_dialog
import time:      1411 |       1411 |     flet.controls.material.auto_complete
import time:       875 |        875 |     flet.controls.material.banner
import time:       840 |        840 |     flet.controls.material.bottom_sheet
import time:      1143 |       1143 |     flet.controls.material.button
import time:       960 |        960 |     flet.controls.material.card
import time:      1197 |       1197 |     flet.controls.material.checkbox
import time:      1465 |       1465 |     flet.controls.material.chip
import time:       953 |        953 |     flet.controls.material.circle_avatar
import time:      1460 |       1460 |     flet.controls.material.container
import time:      1665 |       1665 |       flet.controls.material.popup_menu_button
import time:      1990 |       3654 |     flet.controls.material.context_menu
import time:      2998 |       2998 |     flet.controls.material.datatable
import time:      1381 |       1381 |     flet.controls.material.date_picker
import time:      1038 |       1038 |     flet.controls.material.date_range_picker
import time:       592 |        592 |     flet.controls.material.divider
import time:       190 |        190 |     flet.controls.material.elevated_button
import time:      1610 |       1610 |     flet.controls.material.expansion_panel
import time:      1404 |       1404 |     flet.controls.material.expansion_tile
import time:       971 |        971 |     flet.controls.material.filled_button
import time:      1004 |       1004 |     flet.controls.material.filled_tonal_button
import time:      4441 |       4441 |     flet.controls.material.icon_button
import time:      1689 |       1689 |     flet.controls.material.list_tile
import time:      1087 |       1087 |     flet.controls.material.menu_item_button
import time:      1565 |       1565 |     flet.controls.material.navigation_rail
import time:      1042 |       1042 |     flet.controls.material.outlined_button
import time:      1002 |       1002 |     flet.controls.material.progress_bar
import time:       932 |        932 |     flet.controls.material.progress_ring
import time:      1079 |       1079 |     flet.controls.material.radio
import time:       616 |        616 |     flet.controls.material.radio_group
import time:      1053 |       1053 |     flet.controls.material.range_slider
import time:      1478 |       1478 |     flet.controls.material.reorderable_list_view
import time:      1635 |       1635 |     flet.controls.material.search_bar
import time:      2128 |       2128 |     flet.controls.material.segmented_button
import time:       621 |        621 |     flet.controls.material.selection_area
import time:      1249 |       1249 |     flet.controls.material.slider
import time:      1140 |       1140 |     flet.controls.material.submenu_button
import time:      1257 |       1257 |     flet.controls.material.switch
import time:      3746 |       3746 |     flet.controls.material.tabs
import time:      1025 |       1025 |     flet.controls.material.text_button
import time:      1253 |       1253 |     flet.controls.material.time_picker
import time:       643 |        643 |     flet.controls.material.vertical_divider
import time:       370 |        370 |       flet.controls.services.sensor_error_event
import time:       773 |       1143 |     flet.controls.services.accelerometer
import time:       720 |        720 |     flet.controls.services.barometer
import time:       963 |        963 |     flet.controls.services.battery
import time:       757 |        757 |     flet.controls.services.connectivity
import time:      1174 |       1174 |     flet.controls.services.file_picker
import time:       759 |        759 |     flet.controls.services.gyroscope
import time:       372 |        372 |     flet.controls.services.haptic_feedback
import time:       731 |        731 |     flet.controls.services.magnetometer
import time:       722 |        722 |     flet.controls.services.screen_brightness
import time:       655 |        655 |     flet.controls.services.semantics_service
import time:       664 |        664 |     flet.controls.services.shake_detector
import time:      1103 |       1103 |     flet.controls.services.share
import time:       750 |        750 |     flet.controls.services.user_accelerometer
import time:       381 |        381 |     flet.controls.services.wakelock
import time:       657 |        657 |         six
import time:        24 |         24 |           six.moves
import time:        28 |         51 |         six.moves.urllib
import time:       470 |       1177 |       repath
import time:       178 |       1355 |     flet.controls.template_route
import time:      1628 |     341452 |   flet
import time:      1343 |       1343 |       flet_video.types
import time:      1497 |       1497 |       flet_video.video
import time:       235 |       3074 |     flet_video
import time:       220 |        220 |     config
import time:       187 |        187 |     parser
import time:       276 |       3755 |   viewer
import time:       488 |     345694 | main
